<?xml version="1.0" encoding="UTF-8"?>
<!-- Generated by org.testng.reporters.JUnitReportReporter -->
<testsuite skipped="0" hostname="USER-20170728ZT" name="Day06.Class4" tests="2" failures="0" timestamp="07 八月 2017 09:34:23 GMT" time="0.007" errors="0">
  <testcase name="method7" time="0.004" classname="Day06.Class4"/>
  <testcase name="method8" time="0.003" classname="Day06.Class4"/>
</testsuite> <!-- Day06.Class4 -->
