<?xml version="1.0" encoding="UTF-8"?>
<!-- Generated by org.testng.reporters.JUnitReportReporter -->
<testsuite skipped="0" hostname="USER-20170728ZT" name="Day05.Class1" tests="2" failures="0" timestamp="07 八月 2017 12:26:16 GMT" time="0.031" errors="0">
  <testcase name="method1" time="0.016" classname="Day05.Class1"/>
  <testcase name="method2" time="0.015" classname="Day05.Class1"/>
</testsuite> <!-- Day05.Class1 -->
