<?xml version="1.0" encoding="UTF-8"?>
<!-- Generated by org.testng.reporters.JUnitReportReporter -->
<testsuite skipped="0" hostname="USER-20170728ZT" name="Day06.Class3" tests="1" failures="0" timestamp="07 八月 2017 12:26:16 GMT" time="0.000" errors="0">
  <testcase name="method5" time="0.000" classname="Day06.Class3"/>
</testsuite> <!-- Day06.Class3 -->
