<?xml version="1.0" encoding="UTF-8"?>
<!-- Generated by org.testng.reporters.JUnitReportReporter -->
<testsuite skipped="0" hostname="USER-20170728ZT" name="Day05.Class2" tests="2" failures="0" timestamp="07 八月 2017 09:45:18 GMT" time="0.015" errors="0">
  <testcase name="method3" time="0.010" classname="Day05.Class2"/>
  <testcase name="method4" time="0.005" classname="Day05.Class2"/>
</testsuite> <!-- Day05.Class2 -->
